Applicant 1
Kanton Zürich (Canton of Zurich) 1
Outer Falls, LLC 1
Zadco Company 1
Industria de Diseño Textil, S.A. (INDITEX, S.A.) 1
Victor Falls, LLC 1
Telstra Corporation Limited 1
International Domain Registry Pty. Ltd. 1
YANDEX, LLC 1
DERYachts, LLC 1
Sony Mobile Communications AB 1
Elegant Leader Limited 1
Hidden Way, LLC 1
Suhub Electronic Establishment 1
World Trade Centers Association, Inc. 1
The Foundation for Network Initiatives “The Smart Internet” 1
Bitter Fields, LLC 1
DotWorld Inc. 1
Rusnames Limited 1
Little Dynamite, LLC 1
Woodside Petroleum Limited 1
Wolters Kluwer N.V. 1
William Morris Endeavor Entertainment, LLC 1
June Station, LLC 1
Dash McCook, LLC 1
dot Wine Limited 1
First Registry Limited 1
Beijing Tele-info Network Technology Co., Ltd. 1
Zodiac Scorpio Limited 1
Wilmar International Limited 1
William Hill Organization Limited 1
Zodiac Capricorn Limited 1
Wild Island, LLC 1
HU YI GLOBAL INFORMATION RESOURCES(HOLDING) COMPANY.HONGKONG LIMITED 1
punkt.wien GmbH 1
Volkswagen (China) Investment Co., Ltd. 1
Will Bloom, LLC 1
Morden Media Limited 1
21st Century Communications Limited (AND/OR) ??????????? 1
Wedding TLD LLC 1
Wild Madison, LLC 1
Atgron, Inc. 1
Excellent First Limited 1
Tycoon Treasure Limited 1
Beijing RITT-Net Technology Development Co., Ltd 1
Fern Edge, LLC 1
DotWebsite Inc. 1
Net-Chinese Co., Ltd. 1
Webjet Limited 1
Saint-Gobain Weber SA 1
dot Webcam Limited 1
DotWeb Inc. 1
Spring Fields, LLC 1
Ruby Glen, LLC 1
Schlund Technologies GmbH 1
Global eCommerce TLD Asia Limited 1
Zodiac Libra Limited 1
Global Website TLD Asia Limited 1
Afilias Domains No. 3 Limited, 1
Web.com Group, Inc. 1
The Weather Channel, LLC 1
The Weather Channel LLC 1
Eagle Horizon Limited 1
Sand Shadow, LLC 1
Zodiac Leo Limited 1
Ruby House, LLC 1
Valuetainment Corp. 1
American Automobile Association, Inc. 1
AARP 1
Double Falls, LLC 1
ABB Ltd 1
Volvo Holding Sverige Aktiebolag 1
American Broadcasting Companies, Inc. 1
Able Inc. 1
Half Oaks, LLC 1
Accenture Global Services Limited 1
dot Accountant Limited 1
Knob Town, LLC 1
Acer Incorporated 1
ACO Severin Ahlmann GmbH & Co. KG 1
The Active Network, Inc 1
Volkswagen Group of America Inc. 1
Allgemeiner Deutscher Automobil-Club e.V. (ADAC) 1
ICM Registry AD LLC 1
Aktiebolaget Electrolux 1
Aetna Life Insurance Company 1
Telefonica Brasil S.A. 1
Australian Football League 1
UniForum SA (NPC) trading as Registry.Africa 1
Koko Station, LLC 1
Visa International Service Association 1
Steel Falls, LLC 1
Virgin Enterprises Limited 1
aigo Digital Technology Co,Ltd. 1
Airbus S.A.S. 1
Bharti Airtel Limited 1
Alcon Laboratories, Inc. 1
VIP Registry Pte. Ltd. 1
Vipspace Enterprises LLC 1
John Corner, LLC 1
Ally Financial Inc. 1
REGION D ALSACE 1
ALSTOM 1
Holly Shadow, LLC 1
New Sky, LLC 1
Amica Mutual Insurance Company 1
AMP Limited 1
Gemeente Amsterdam 1
Campus IP LLC 1
VIENNA INSURANCE GROUP AG Wiener Versicherung Gruppe 1
CBM Creative Brands Marken GmbH 1
Lone Tigers, LLC 1
Black Madison, LLC 1
Australia and New Zealand Banking Group Limited 1
Wild Dale, LLC 1
June Maple, LLC 1
DERApartments, LLC 1
.APP REGISTRY INC. 1
dot App Limited 1
Webera Inc. 1
dotversicherung-registry GmbH 1
Lone Maple, LLC 1
Dot App LLC 1
DotApp Inc. 1
TRI Ventures, Inc. 1
Binky Lake, LLC 1
Apple Inc. 1
Aquarelle.com 1
Région d’Aquitaine 1
Dot Vegas, Inc. 1
Spring Frostbite, LLC 1
.ART REGISTRY INC. 1
The Vanguard Group, Inc. 1
Dadotart, Inc. 1
UK Creative Ideas Limited 1
Baxter Tigers, LLC 1
EFLUX.ART, LLC 1
Aremi Group S.A. 1
Atomic Tigers, LLC 1
Association Relative à la Télévision Européenne G.E.I.E. 1
Baxter Hill, LLC 1
Astrium SAS 1
UPS Market Driver, Inc. 1
Victor North, LLC 1
Sand Galley, LLC 1
AUDI Aktiengesellschaft 1
Holly Castle, LLC 1
Australian Postal Corporation 1
Big Maple, LLC 1
UBN INTERNET LTDA. 1
Dot Auto LLC 1
DERAutos, LLC 1
AVERY DENNISON CORPORATION 1
Aerovias del Continente Americano S.A. Avianca 1
AXA SA 1
Dot Latin LLC 1
Little Station, LLC 1
DotBaby Inc. 1
Unicorn a.s. 1
Compact Registry Limited 1
Auburn Beach, LLC 1
Baidu, Inc. 1
Ummah Digital Limited 1
Auburn Hollow, LLC 1
Red Triangle, LLC 1
UBS AG 1
Dotsecure Inc. 1
GEXBAN SAS 1
T V SUNDRAM IYENGAR & SONS LIMITED 1
TUI AG 1
Latin American Telecom LLC 1
Boss Castle, LLC 1
Half Hallow, LLC 1
Trans Union LLC 1
Silver Pass, LLC 1
dot Basketball Limited 1
Little Hollow, LLC 1
Fédération Internationale de Basketball (FIBA) 1
Werkhaus GmbH 1
Bayern Connect GmbH 1
Council of Better Business Bureaus, Inc. 1
British Broadcasting Corporation 1
BB&T Corporation 1
BANCO BILBAO VIZCAYA ARGENTARIA, S.A. 1
The Boston Consulting Group, Inc. 1
Beats Electronics, LLC 1
Romeo Corner 1
TRANSLATIONS 1
Bentley Motors Limited 1
dotBERLIN GmbH & Co. KG 1
BestTLD Pty Ltd 1
BBY Solutions, Inc. 1
dot Bet Limited 1
Foggy Way, LLC 1
Hasbro International, Inc. 1
Bharti Enterprises (Holding) Private Limited 1
American Bible Society 1
dot Bid Limited 1
Grand Hollow, LLC 1
dot Bingo Limited 1
Sand Cedar, LLC 1
BLANCO GmbH + Co KG 1
Wild Willow, LLC 1
Little Manor, LLC 1
Afilias Domains No. 1 Limited 1
Corn Shadow, LLC 1
Personals TLD Inc. 1
Elite Registry Limited 1
Bloomberg IP Holdings LLC 1
Pioneer Orchard, LLC 1
Bristol-Myers Squibb Company 1
Koko Moon, LLC 1
Banca Nazionale del Lavoro 1
BNP Paribas 1
Black Shadow, LLC 1
DERBoats, LLC 1
Boehringer Ingelheim Pharma GmbH & Co. KG 1
NMS Services, Inc. 1
Sugar Station, LLC 1
Bond University Limited 1
R.R. Bowker LLC 1
Global Domain Registry Pty Ltd 1
Bronze Registry Limited 1
Double Bloom, LLC 1
DotBook, LLC 1
Total SA 1
THE BOOTS COMPANY PLC 1
Robert Bosch GMBH 1
Bostik SA 1
The Boston Globe Newspaper Company Inc. 1
Over Galley, LLC 1
NS1 Limited 1
Banco Bradesco S.A. 1
TOSHIBA Corporation 1
Goose North, LLC 1
Celebrate Broadway, Inc. 1
Toray Industries, Inc. 1
Spring North, LLC 1
Brother Industries, Ltd. 1
Jiangsu Bangning Science & Technology Co.,Ltd. 1
Bugatti International SA 1
Pioneer North, LLC 1
Plan Bee LLC 1
Atomic Madison, LLC 1
Spring Cross, LLC 1
dot Buy Limited 1
Bitter Sunset, LLC 1
PVT Registry, LLC 1
Pearl Woods, LLC 1
Association www.bzh 1
Half Sunset, LLC 1
Pioneer Canyon, LLC 1
PVH gTLD Holdings LLC 1
dot Agency Limited 1
AC Webconnecting Holding B.V. 1
Atomic Maple, LLC 1
Delta Dynamite, LLC 1
CANAL+ FRANCE 1
Australian Cancer Research Foundation 1
Canon Inc. 1
punkt Tirol GmbH 1
Delta Mill, LLC 1
Capital One Financial Corporation 1
Caravan International, Inc. 1
Foggy Hollow, LLC 1
Goose Cross 1
dotCareer LLC 1
Wild Corner, LLC 1
Koko Castle, LLC 1
DERCars, LLC 1
Bridgestone Americas Tire Operations, LLC 1
Extra Way, LLC 1
Dog Edge, LLC 1
Delta Lake, LLC 1
Corn Willow, LLC 1
dot Casino Limited 1
Binky Sky, LLC 1
dotBeauty LLC 1
Generalitat de Catalunya 1
New Falls. LLC 1
Tiffany and Company 1
The Christian Broadcasting Network, Inc. 1
CBRE, Inc. 1
Victor Manor, LLC 1
The Corporate Executive Board Company 1
Tin Mill, LLC 1
CEOTLD Pty Ltd 1
European Organization for Nuclear Research ("CERN") 1
CFA Institute 1
Chanel International B.V. 1
Changi Airport Group (Singapore) Pte. Ltd 1
Spring Registry Limited 1
Corn Lake, LLC 1
Accent Media Limited 1
IM TLD Inc. 1
dot Chat Limited 1
Shubert Internet, Inc. 1
Sand Fields, LLC 1
Atomic McCook, LLC 1
Sand Cover, LLC 1
dot Tickets Limited 1
CHINTAI Corporation 1
Tickets TLD LLC 1
Holly Fileds, LLC 1
Life Covenant Church, Inc. 1
Teachers Insurance and Annuity Association of America 1
CIMB Group Sdn Bhd 1
Hotel Cipriani Srl 1
Cisco Technology, Inc. 1
Citadel Domain LLC 1
DotCity Inc. 1
Snow Sky, LLC 1
Hartford Fire Insurance Company 1
Black Corner, LLC 1
Fox Shadow, LLC 1
DotClick Inc. 1
Goose Park, LLC 1
Blue Tigers, LLC 1
Steel Lake, LLC 1
Dash Cedar, LLC 1
ARUBA S.p.A. 1
Better Living Management Company Limited 1
Koko Manor, LLC 1
.CLUB DOMAINS, LLC 1
Club Méditerranée S.A. 1
Koko Island, LLC 1
Coach, Inc. 1
Puff Willow, LLC 1
Trixy Cover, LLC 1
Binky Edge, LLC 1
Teva Pharmaceutical Industries Limited 1
Washington Team Tennis, LLC 1
TENNIS AUSTRALIA LTD 1
Fox Orchard, LLC 1
Silver Avenue, LLC 1
Cotton Bloom, LLC 1
Pine Mill, LLC 1
dot Tennis Limited 1
Pine House, LLC 1
TelecityGroup International Limited 1
Fox Dynamite, LLC 1
Dot Construction, LLC 1
Pixie Station, LLC 1
Magic Woods, LLC 1
Koko Lake, LLC 1
Cotton Fields, LLC 1
PROC Registry, LLC 1
DOTCORP LIMITED 1
Auburn Falls 1
Collectivité Territoriale de Corse 1
Black Island, LLC 1
Coupons.com Incorporated 1
Lone Moon, LLC 1
Trixy Canyon 1
CPA AUSTRALIA LTD 1
Atomic Lake, LLC 1
Snow Shadow, LLC 1
Binky Frostbite, LLC 1
CUNA Performance Resources, LLC 1
dot Cricket Limited 1
Little Cover. LLC 1
Crown Equipment Corporation 1
Federated Co operatives Limited 1
TDK Corporation 1
Cruise Lines International Association Inc. 1
Spring Way, LLC 1
Alliance-One Services, Inc. 1
Pine Falls, LLC 1
dot Taxi Limited 1
Taxi Pay GmbH 1
Dabur India Limited 1
Romeo Birch, LLC 1
dot Date Limited 1
Pine Fest, LLC 1
Storm Orchard, LLC 1
Dealer Dot Com, Inc. 1
DotDeals Inc. 1
Sand Sunset, LLC 1
Puff House, LLC 1
dot Delivery Limited 1
Steel Station, LLC 1
Dell Inc. 1
Del Monte International GmbH 1
Deloitte Touche Tohmatsu 1
Delta Air Lines, Inc. 1
Tin Birch, LLC 1
Outer Lake, LLC 1
Afilias Domains No. 4 Limited, 1
Desi Networks LLC 1
Black Avenue, LLC 1
Design Trend Registry Inc. 1
Limited Liability Company "Coordination Center of Regional Domain of Tatarstan Republic" 1
John Edge, LLC 1
dot Diet Limited 1
Pioneer Hill, LLC 1
Digi-Key Corporation 1
Dash Park, LLC 1
Half Trail, LLC 1
Extra Madison, LLC 1
Holly Hill, LLC 1
Dot Discount, LLC 1
Tata Motors Ltd 1
Dai Nippon Printing Co., Ltd. 1
NTT DOCOMO, INC. 1
DotMedico TLD Inc. 1
Brice Trail, LLC 1
The Medical Registry Limited 1
Koko Mill, LLC 1
The Supreme Council of Information and Communication Technology “ictQATAR” 1
Sugar Cross, LLC 1
Doosan Corporation 1
DotConnectAfrica Trust 1
dot Support Limited 1
TATA SONS LIMITED 1
Dubai eGovernment Department 1
Target Domain Holdings, LLC 1
E.I. du Pont de Nemours and Company 1
Taipei City Government 1
Tabcorp Holdings Limited 1
Autodesk, Inc. 1
Dash Cypress, LLC 1
Little Birch, LLC 1
Planet Dot Eco, LLC 1
Big Room Inc. 1
Ecommerce Inc. 1
EDEKA Verband kaufmännischer Genossenschaften e.V. 1
Brice Way, LLC 1
Spring Madison, LLC 1
State of New South Wales, Department of Premier and Cabinet 1
Emerson Electric Co. 1
dot Energy Limited 1
Binky Birch, LLC 1
Romeo Canyon 1
Snow Oaks, LLC 1
Seiko Epson Corporation 1
Corn Station, LLC 1
Telefonaktiebolaget L M Ericsson 1
ERNI Group Holding AG 1
Trixy Park, LLC 1
Esurance Insurance Company 1
Swiss International Air Lines Ltd. 1
Puntueus Fundazioa 1
Pioneer Maple, LLC 1
EverBank 1
Spring Falls, LLC 1
Magic Pass, LLC 1
Red Circle, LLC 1
Victor Beach, LLC 1
Sea Sunset, LLC 1
Express LLC 1
Extra Space Storage LLC 1
FAGE Dairy Industry S.A. 1
Atomic Pipe, LLC 1
FairWinds Partners, LLC 1
dot Faith Limited 1
Bitter Galley, LLC 1
Goose Glen, LLC 1
Swiss Confederation 1
Just Maple, LLC 1
Farmers Insurance Exchange 1
Diamond Registry Limited 1
Big Dynamite, LLC 1
Federal Express Corporation 1
Swiftcover Insurance Services Limited 1
SVR GROUP 1
Outer Avenue, LLC 1
SUZUKI MOTOR CORPORATION 1
Cotton Cypress, LLC 1
Just Cover, LLC 1
Rezolve Group, Inc. 1
Tin Avenue, LLC 1
Firmdale Holdings Limited 1
Fox Woods, LLC 1
Dot Club LLC 1
Platinum Registry Limited 1
Brice Orchard, LLC 1
Grand Orchard, LLC 1
Fox Station, LLC 1
FLIR Systems, Inc. 1
Half Cypress, LLC 1
Fern Willow, LLC 1
Piper Ventures, LLC 1
Half Falls, LLC 1
Wild Orchard, LLC 1
Dot Food, LLC 1
dot Football Limited 1
Foggy Farms, LLC 1
Atomic Fields, LLC 1
Sea Oaks, LLC 1
DERForsale, LLC 1
dot Forum Limited 1
June Hollow, LLC 1
John Dale, LLC 1
FOX Registry, LLC 1
Over Keep, LLC 1
Fresenius Immobilien-Verwaltungs-GmbH 1
Metaregistrar B.V. 1
OP3FT 1
SuperSport International Holdings Limited 1
Fujitsu Limited 1
Vox Populi Registry Inc. 1
Dog Bloom, LLC 1
John Castle, LLC 1
Lone Fields, LLC 1
Atomic Falls, LLC 1
Silver Tigers, LLC 1
Asociación puntoGAL 1
Sugar House, LLC 1
Gallup, Inc. 1
Dot Game Limited 1
Foggy Beach, LLC 1
Brice Maple, LLC 1
dotgay llc 1
GCCIX WLL 1
Evolving Style Registry Inc. 1
Joint Stock Company "Navigation-information systems" 1
GEA Group Aktiengesellschaft 1
GED Domains LLC 1
COMBELL GROUP NV/SA 1
Resorts World Inc Pte. Ltd. 1
Binky Moon, LLC 1
Dot Gift Limited 1
Goose Sky, LLC 1
Lucy Ventures, LLC 1
Giving Limited 1
Black Cover, LLC 1
Goose Falls, LLC 1
GlobalX Information Services Pty Limited 1
Globo Comunicação e Participações S.A 1
TLDDOT GmbH 1
Extra Dynamite, LLC 1
GMBH Registry, LLC 1
InterNetWire Web-Development GmbH 1
Sea Tigers, LLC 1
WGC (IOM) Limited 1
June Edge, LLC 1
Namesphere Limited 1
Gold Registry Limited 1
Lone falls, LLC 1
Dot-Golf LLC 1
NTT Resonant Inc. 1
Republican State Leadership Committee, Inc. 1
Grainger Registry Services, LLC 1
Over Madison, LLC 1
Pioneer Tigers, LLC 1
GREE, Inc. 1
DotGreen Community, Inc. 1
Corn Sunset, LLC 1
dot Stream Limited 1
Dot Store Group LLC 1
Romeo Town, LLC 1
Sand Dale, LLC 1
Guccio Gucci S.p.a. 1
Snow Moon, LLC 1
Pioneer Cypress, LLC 1
Your Hair Limited 1
Hamburg Top-Level-Domain GmbH 1
Pixie Edge, LLC 1
HBO Registry Services, Inc. 1
HOUSING DEVELOPMENT FINANCE CORPORATION LIMITED 1
HDFC Bank Limited 1
dot Health Limited 1
Goose Fest, LLC 1
DotHealth, LLC 1
Silver Glen, LLC 1
DotStore Inc. 1
Self Storage Company LLC 1
Pioneer Gardens, LLC 1
Extra Beach, LLC 1
City of Helsinki 1
HERMES INTERNATIONAL 1
HLT Stakis IP Limited 1
Hisamitsu Pharmaceutical Co.,Inc. 1
Hitachi, Ltd. 1
dotHIV gemeinnuetziger e.V. 1
dot Hockey Limited 1
Half Willow, LLC 1
John Madison, LLC 1
Goose Woods, LLC 1
.HOME REGISTRY INC. 1
DotHome Inc. 1
Baxter Pike, LLC 1
DotHome / CGR E-Commerce Ltd 1
Dot Home LLC 1
Stockholms kommun 1
Statoil ASA 1
DERHomes, LLC 1
Honda Motor Co., Ltd. 1
Honeywell GTLD LLC 1
Ruby Pike, LLC 1
DotHost Inc. 1
Dottransfer Inc. 1
Trixy Birch, LLC 1
Auburn Hill, LLC 1
dotHot LLC 1
State Farm Mutual Automobile Insurance Company 1
HOTEL Top-Level-Domain S.a.r.l 1
DotHotel Inc. 1
dot Hotel Limited 1
Spring McCook, LLC 1
Sugar Park, LLC 1
HSBC Holdings PLC 1
HTC corporation 1
Hyatt GTLD, L.L.C. 1
Hyundai Motor Company 1
International Business Machines Corporation 1
IntercontinentalExchange, Inc. 1
StarHub Limited 1
Nameshop 1
IEEE Global LLC 1
ifm electronic gmbh 1
Connect West Pty. Ltd. 1
Ikano S.A. 1
Auburn Bloom, LLC 1
dotimmobilie GmbH 1
Star India Private Limited 1
Baxter Sunset, LLC 1
GTLD Limited 1
CNI Registry, LLC 1
Staples, Inc. 1
STADA Arzneimittel AG 1
Outer House, LLC 1
mySRL GmbH 1
Outer Maple, LLC 1
Dotfresh Inc. 1
Dotspot LLC 1
Auburn Park, LLC 1
Pioneer Willow, LLC 1
Steel Edge, LLC 1
Wild Way, LLC 1
dot Sport Limited 1
Holly Glen, LLC 1
Ipiranga Produtos de Petroleo S.A. 1
Dot-Irish LLC 1
SportAccord 1
Itau Unibanco Holding S.A. 1
ITV Services Limited 1
Jaguar Cars Limited 1
SPIEGEL-Verlag Rudolf Augstein GmbH & Co. KG 1
JCB Co., Ltd. 1
JCP Media, Inc. 1
New TLD Company AB 1
Wild Bloom, LLC 1
Affinity Names, Inc. 1
DotSpace Inc. 1
Matrix IP LLC 1
Japan Registry Services Co., Ltd. 1
Goose Gardens, LLC 1
JUNIPER NETWORKS, INC. 1
KDDI CORPORATION 1
KIA MOTORS CORPORATION 1
DotKids Foundation Limited 1
Just Goodbye, LLC 1
DOT KIWI LIMITED 1
Komatsu Ltd. 1
KONAMI CORPORATION 1
KONE Corporation 1
Kosher Marketing Assets LLC 1
KPMG International Cooperative (KPMG International Genossenschaft) 1
Koninklijke KPN N.V. 1
KRG Department of Information Technology 1
KredTLD Pty Ltd 1
KSB Aktiengesellschaft 1
Academic Institution: Kyoto Jyoho Gakuen 1
CAIXA D'ESTALVIS I PENSIONS DE BARCELONA 1
Automobili Lamborghini S.p.A. 1
LANCASTER 1
Pine Moon, LLC 1
Land Rover 1
LANXESS Corporation 1
ECOM-LAC Federaciòn de Latinoamèrica y el Caribe para Internet y el Comercio Electrònico 1
La Trobe University 1
Dotmaker Inc. 1
Silver Registry Limited 1
Corn Dynamite, LLC 1
Atomic Station, LLC 1
Foggy Sunset, LLC 1
Victor Trail, LLC 1
A.C.D. LEC Association des Centres Distributeurs Edouard Leclerc 1
LeFrak Organization, Inc. 1
Blue Falls, LLC 1
LEGO Juris A/S 1
Asia Spa and Wellness Promotion Council Limited 1
Liaison Technologies, Incorporated 1
Sony Corporation 1
Trixy Oaks, LLC 1
Xiamen 35.com Technology Co.,Ltd 1
CompassRose.Life Inc. 1
American Council of Life Insurers 1
John McCook, LLC 1
Big Fest, LLC 1
Hidden Frostbite, LLC 1
Linde Aktiengesellschaft 1
Lipsy Ltd 1
Half Woods, LLC 1
Lance Armstrong Foundation 1
Outer Way, LLC 1
JS Group Corporation 1
myLLC GmbH 1
Foggy North, LLC 1
LLC Registry, LLC 1
myLLP GmbH 1
PLL Registry, LLC 1
dot Loan Limited 1
Dotserve Inc. 1
June Woods, LLC 1
Locus Analytics LLC 1
Annco, Inc. 1
Dot London Domains Limited 1
Lotte Holdings Co., Ltd. 1
Sierra Registry Limited 1
Hidden Cypress, LLC 1
Silver Cover, LLC 1
myLTD GmbH 1
Over Corner, LLC 1
LTD Registry, LLC 1
DOMAIN ROBOT SERVICOS DE HOSPEDAGEM NA INTERNET LTDA 1
H. Lundbeck A/S 1
LUPIN LIMITED 1
Luxury Partners, LLC 1
Dash Tigers, LLC 1
Comunidad de Madrid 1
Mutuelle Assurance Instituteur France (MAIF) 1
Afilias Domains No. 2 Limited, 1
Victor Dale, LLC 1
WhitePages TLD LLC 1
Victor Frostbite, LLC 1
MAN SE 1
John Goodbye, LLC 1
PUNTO FA S.L. 1
Victor Way, LLC 1
Fern Pass, LLC 1
Marriott Worldwide Corporation 1
Mattel Sites, Inc. 1
Ruby Town, LLC 1
Lone Hollow, LLC 1
Sohu.com Limited 1
McKinsey Holdings, Inc. 1
HEXAP SAS 1
DocCheck AG 1
Medistry LLC 1
Grand Glen, LLC 1
Steel Hill, LLC 1
The Crown in right of the State of Victoria, represented by its Department of Business and Innovation 1
Dog Beach, LLC 1
Over Birch, LLC 1
Exclusive Registry Limited 1
Wedding TLD2, LLC 1
SOFTBANK CORP. 1
Soccer United Marketing, LLC 1
Foggy Shadow, LLC 1
MetLife Services and Solutions, LLC 1
Myriad International Holdings B.V. 1
Massachusetts Institute of Technology 1
Mitsubishi Corporation 1
dot Soccer Limited 1
MMA IARD 1
Pixie North, LLC 1
Monash University 1
dot Money Limited 1
Outer McCook, LLC 1
Monster, Inc. 1
Outer Gardens, LLC 1
DERMotorcycles, LLC 1
dot Movie Limited 1
Webdeus Inc. 1
New Frostbite, LLC 1
Société Nationale des Chemins de fer Francais S N C F 1
MTN Dubai Limited 1
Mitsubishi Tanabe Pharma Corporation 1
MTR Corporation Limited 1
DotMusic Inc. 1
DotMusic / CGR E-Commerce Ltd 1
dot Music Limited 1
Victor Cross 1
.music LLC 1
Entertainment Names Inc. 1
Northwestern Mutual MU TLD Registry, LLC 1
Fédération Nationale de la Mutualité Française 1
Smart Communications, Inc. (SMART) 1
Intelprop (Proprietary) Limited 1
Sky IP International Ltd, a company incorporated in England and Wales, operating via its registered Swiss branch 1
NATURA COSMÉTICOS S.A. 1
NBA REGISTRY, LLC 1
NEC Corporation 1
Netflix, Inc. 1
Trixy Manor, LLC 1
NeuStar, Inc. 1
DotNews Inc. 1
dot News Limited 1
Hidden Bloom, LLC 1
Fund for Development of the Center for Elaboration and Commercialization of New Technologies 1
NFL Reg Ops LLC 1
Japan Broadcasting Corporation (NHK) 1
DWANGO Co., Ltd. 1
NIKE, Inc. 1
NIKON CORPORATION 1
Nippon Life Insurance Company 1
Wild Lake, LLC 1
Northwestern Mutual Registry, LLC 1
Corn Mill, LLC 1
Grand Turn, LLC 1
Global Top Level ApS 1
NRA Holdings Company, INC. 1
Minds + Machines GmbH 1
NIPPON TELEGRAPH AND TELEPHONE CORPORATION 1
The City of New York by and through the New York City Department of Information Technology & Telecommunications 1
OBI Group Holding GmbH 1
DotSite Inc. 1
Olympus Corporation 1
Fern Madison, LLC 1
DotAbout Inc. 1
Shriram Capital Ltd. 1
DotOnline Inc. 1
Bitter Frostbite, LLC 1
Namecheap Inc. 1
Dot Online LLC 1
INFIBEAM INCORPORATION LIMITED 1
Orange Brand Services Limited 1
Orient-Express Hotels Ltd. 1
Otsuka Holdings Co., Ltd. 1
ministery of the Interior and Kingdom Relations 1
OVH SAS 1
The Pampered Chef, Ltd. 1
Panasonic Corporation 1
City of Paris 1
Magic Glen, LLC 1
Sea Goodbye, LLC 1
Blue Sky Registry Limited 1
Patagonia, Inc. 1
DOTPAY SA 1
MIH PayU B.V. 1
John Island, LLC 1
Pfizer Inc. 1
National Association of Boards of Pharmacy 1
Wild Frostbite, LLC 1
Sugar Glen, LLC 1
Sea Corner, LLC 1
PhysBiz Pty Ltd 1
Pictet Europe S.A. 1
Foggy Sky, LLC 1
DotPing Inc. 1
Ping Registry Provider, Inc. 1
Pioneer Corporation 1
Pitney Bowes Inc. 1
Foggy Moon, LLC 1
Snow Galley, LLC 1
1589757 Alberta Ltd. 1
Entertainment TLD Inc. 1
Star Registry Limited 1
Sony Computer Entertainment Inc. 1
Spring Tigers, LLC 1
Sugar Mill, LLC 1
PNC Domain Co., LLC 1
Afilias Domains No. 5 Limited 1
dot Poker Limited 1
Binky Mill, LLC 1
Dot Poker LLC 1
Politie Nederland 1
Ralph Lauren Corporation 1
ICM Registry PN LLC 1
Zodiac Aries Limited 1
Praxi S.p.A. 1
DotPress Inc. 1
Magic Birch, LLC 1
Phenomena Group Oy 1
Big Pass, LLC 1
Steel Goodbye, LLC 1
PwC Business Trust 1
PointQuébec Inc 1
Quest ION Limited 1
QVC, Inc. 1
Premier Registry Limited 1
Black Orchard, LLC 1
Tin Dale, LLC 1
BRS MEDIA, Inc. 1
New North, LLC 1
dotRealEstate LLC 1
Real Estate Domains LLC 1
Dash Bloom, LLC 1
Grand Island, LLC 1
Steel Keep, LLC 1
Redstone Haute Couture Co., Ltd. 1
dotreise GmbH 1
New Cypress, LLC 1
National Association of Real Estate Investment Trusts, Inc. 1
Beijing Qianxiang Wangjing Technology Development Co., Ltd. 1
Pearl Town, LLC 1
DERRent, LLC 1
Big Hollow,LLC 1
Lone Sunset, LLC 1
Binky Glen, LLC 1
dot Restaurant Limited 1
Snow Avenue, LLC 1
dot Review Limited 1
Extra Cover, LLC 1
Bosch Rexroth AG 1
Pacific Century Asset Management (HK) Limited 1
Ricoh Company, Ltd. 1
Empresa Municipal de Informática SA - IPLANRIO 1
dotRIP LIMITED 1
Nevaeh Ventures Inc 1
Royal Melbourne Institute of Technology 1
Ruby Moon, LLC 1
Rockwool International A/S 1
dot Rugby Limited 1
Atomic Cross, LLC 1
IRB Strategic Developments LImited 1
regiodot GmbH & Co. KG 1
dot Run Limited 1
Snow Park, LLC 1
RWE AG 1
dotSaarland GmbH 1
Safety Registry Services, LLS 1
SAKURA Internet Inc. 1
dot Sale Limited 1
Half Bloom, LLC 1
Dot-Sale LLC 1
Aesthetics Practitioners Advisory Network Pty Ltd 1
Outer Orchard, LLC 1
DaySmart Software 1
Snow Beach, LLC 1
Sanofi 1
SAP AG 1
mySARL GmbH 1
Delta Orchard, LLC 1
Research IP LLC 1
SAS AB (publ) 1
Saxo Bank A/S 1
Shop Your Way, Inc. 1
SPECIAL BROADCASTING SERVICE CORPORATION 1
SVENSKA CELLULOSA AKTIEBOLAGET SCA (publ) 1
The Siam Commercial Bank Public Company Limited ("SCB") 1
Schaeffler Technologies AG & Co. KG 1
Scholarships.com, LLC 1
Little Galley, LLC 1
Outer Moon, LLC 1
dot Science Limited 1
SCOR SE 1
Dot Scot Registry Limited 1
dot Now Limited 1
Bitter McCook, LLC 1
SEAT, S.A. (Sociedad Unipersonal) 1
Artemis Internet Inc. 1
Fern Trail, LLC 1
Defender Security Company 1
Seek Limited 1
Sener Ingeniería y Sistemas, S.A. 1
Fox Castle, LLC 1
SES 1
Seven West Media Ltd 1
SEW-EURODRIVE GmbH & Co KG 1
ICM Registry SX LLC 1
Internet Marketing Solutions Limited 1
Societe Francaise du Radiotelephone - SFR 1
Sharp Corporation 1
Shaw Cablesystems G.P. 1
Shell Information Technology International Inc 1
Binky Galley, LLC 1
DotShop Inc. 1
Dot Shop Limited 1
Sugar Maple, LLC 1
Commercial Connect LLC 1
BEIJING JINGDONG 360 DU E-COMMERCE LTD 1
Spring Goodbye, LLC 1
STATE BANK OF INDIA 2
Abu Dhabi Systems and Information Centre 2
Emirates Telecommunications Corporation (trading as Etisalat) 2
Aramco Services Company 2
The Swatch Group Ltd 2
BusinessRalliart inc. 2
Starbucks (HK) Limited 2
Kuwait Finance House 2
Next plc 2
Nationwide Mutual Insurance Company 2
National Australia Bank Limited 2
League of Arab States 2
The Canadian Real Estate Association 2
MSD Registry Holdings, Inc. 2
Merck Registry Holdings, Inc. 2
PT Comunicacoes S.A. 2
dotCOOL, Inc. 2
McDonald’s Corporation 2
Your Dot Phd, Inc. 2
LPL Holdings, Inc. 2
GreenTech Consultancy Company W.L.L. 2
TOYOTA MOTOR CORPORATION 2
IRI Domain Management, LLC ("Applicant") 2
Jones Lang LaSalle Incorporated 2
Oracle Corporation 2
Istanbul Metropolitan Municipality 2
Intuit Administrative Services, Inc. 2
Intel Corporation 2
Progressive Casualty Insurance Company 2
Infosys Limited 2
Foundation for Assistance for Internet Technologies and Infrastructure Development (FAITID) 2
Stable Tone Limited 2
C.V. TLDcare 2
CITIC Group Corporation 2
Computer Network Information Center of Chinese Academy of Sciences ?China Internet Network Information Center? 2
China Organizational Name Administration Center 2
Homer TLC, Inc. 2
Dot Tech LLC 2
ProMark Brands Inc. 2
American Heart Association, Inc. 2
The Guardian Life Insurance Company of America 2
Industrial and Commercial Bank of China Limited 2
Xinhua News Agency Guangdong Branch ????????? 2
YODOBASHI CAMERA CO.,LTD. 2
1&1 Mail & Media GmbH 2
GMO Internet, Inc. 2
Tencent Holdings Limited 2
Bayerische Motoren Werke Aktiengesellschaft 2
Xerox DNHC LLC 2
Frontier Communications Corporation 2
Ford Motor Company 2
FLSmidth A/S 2
Yahoo! Domain Services Inc. 2
Reckitt Benckiser N.V. 2
Motion Picture Domain Registry Pty Ltd 2
RISE VICTORY LIMITED 2
Temasek Holdings (Private) Limtied 2
Asiamix Digital Limited 2
European Broadcasting Union (EBU) 2
Merck KGaA 2
China United Network Communications Corporation Limited 2
Nokia Corporation 2
GE GTLD Holdings LLC 2
PCCW Enterprises Limited 2
Weir Group IP Limited 2
The Dun & Bradstreet Corporation 2
Koninklijke Philips Electronics N.V. 2
PCCW-HKT DataCom Services Limited 2
Beijing Gamease Age Digital Technology Co., Ltd. 2
Nominet UK 2
SALM S.A.S. 2
Viking River Cruises (Bermuda) Ltd. 2
American Institute of Certified Public Accountants 2
OPEN UNIVERSITIES AUSTRALIA PTY LTD 2
SAMSUNG SDS CO., LTD 2
Monolith Registry LLC 2
VeriSign, Inc. 2
Abbott Laboratories 2
Comcast IP Holdings I, LLC 2
NetCologne Gesellschaft für Telekommunikation mbH 2
AmFam, Inc. 2
CloudNames AS 2
WellPoint, Inc. 2
AOL Inc. 2
Eli Lilly and Company 2
Johnson & Johnson Services, Inc. 2
Afterdot LLC 2
Citigroup Inc. 2
fTLD Registry Services LLC 2
Municipi de Barcelona 2
CBS Domains Inc. 2
Barclays Bank PLC 2
Discover Financial Services 2
Gallo Vineyards, Inc. 2
MLB Advanced Media DH, LLC 2
Monster Worldwide, Inc. 2
DOTSTRATEGY CO. 2
LADBROKES INTERNATIONAL PLC 2
DNS.be vzw 2
BET Inc. 2
Macys, Inc. 2
Booking.com B.V. 2
Núcleo de Informação e Coordenação do Ponto BR - NIC.br 2
Oriental Trading Company, Inc. 2
Sandvik AB 3
PRIMER NIVEL S.A. 3
Prudential Financial, Inc. 3
Ferrero Trading Lux S.A. 3
Olayan Investments Company Establishment 3
UniForum SA (NPC) trading as ZA Central Registry 3
Go Daddy East, LLC 3
The Goodyear Tire & Rubber Company 3
COMMONWEALTH BANK OF AUSTRALIA 3
JPMorgan Chase & Co. 3
Punto 2012 Sociedad Anonima de Capital Variable 3
CORE Association 3
Rogers Communications Partnership 3
Telefónica S.A. 3
MultiChoice Africa (Proprietary) Limited 3
NISSAN MOTOR CO., LTD. 3
Bridgestone Corporation 3
Schwarz Domains und Services GmbH & Co. KG 3
Reliance Industries Limited 3
One.com A/S 3
TLD REGISTRY LIMITED 3
iSelect Ltd 3
HU YI GLOBAL INFORMATION RESOURCES (HOLDING) COMPANY. HONGKONG LIMITED 3
Sina Corporation 3
American International Group, Inc. 3
ELC Online Inc. 3
Allfinanz Deutsche Vermögensberatung Aktiengesellschaft 3
XYZ.COM LLC 3
American Express Travel Related Services Company, Inc. 3
Safeway Inc. 4
QIHOO 360 TECHNOLOGY CO. LTD. 4
Alibaba Group Holding Limited 4
Allstate Fire and Casualty Insurance Company 4
Fondation Aga Khan (Aga Khan Foundation) 4
Electronic Media Network Limited (M-Net) 4
Vistaprint Limited 4
Tucows TLDs Inc. 4
Interlink Co., Ltd. 4
Guangzhou YU Wei Information Technology Co., Ltd. 4
MiTek USA, Inc. 4
Fidelity Brokerage Services LLC 4
Qatar Telecom (Qtel) 4
Saudi Telecom Company 4
Deutsche Post AG 4
Pontificium Consilium de Comunicationibus Socialibus (PCCS) (Pontifical Council for Social Communication) 4
Fiat Industrial S.p.A (società per azioni) 4
Deutsche Vermögensberatung Aktiengesellschaft DVAG 4
I-REGISTRY Ltd., Niederlassung Deutschland 4
Hughes Satellite Systems Corporation 4
Key GTLD Holding Inc 4
Despegar Online SRL 5
Shangri?La International Hotel Management Limited 5
General Motors LLC 5
Top Level Spectrum, Inc. 5
Dot Registry LLC 5
Travelers TLD, LLC 5
The Gap, Inc. 5
Guardian News and Media Limited 5
STARTING DOT 5
Public Interest Registry 6
Symantec Corporation 6
Fegistry, LLC 6
Kerry Trading Co. Limited 6
Fiat S.p.A. ("società per azioni") 6
Wal-Mart Stores, Inc. 6
Chrysler Group LLC. 7
IG Group Holdings PLC 7
The TJX Companies, Inc. 7
Johnson Shareholdings, Inc. 8
Merchant Law Group LLP 8
GMO Registry, Inc. 8
Asia Green IT System Bilgisayar San. ve Tic. Ltd. Sti. 8
Top Level Design, LLC 10
Microsoft Corporation 11
VeriSign Sarl 12
NU DOT CO LLC 13
Lifestyle Domain Holdings, Inc. 13
Dish DBS Corporation 13
Richemont DNS Inc. 14
L'Oréal 14
United TLD Holdco Ltd. 26
Afilias Limited 26
Uniregistry, Corp. 54
Top Level Domain Holdings Limited 70
Amazon EU S.à r.l. 76
Charleston Road Registry Inc. 101
